<?xml version="1.0" encoding="UTF-8"?>
<!-- Generated by org.testng.reporters.JUnitReportReporter -->
<testsuite skipped="0" hostname="LIN86000249" name="SeleniumSessions.exa" tests="1" failures="0" timestamp="19 Sep 2018 11:21:08 GMT" time="15.866" errors="0">
  <testcase name="driverInitilization" time="15.866" classname="SeleniumSessions.exa"/>
</testsuite> <!-- SeleniumSessions.exa -->
