<?xml version="1.0" encoding="UTF-8"?>
<!-- Generated by org.testng.reporters.JUnitReportReporter -->
<testsuite skipped="0" hostname="LIN86000249" name="com.test.TestNgFeatures" tests="4" failures="0" timestamp="24 Sep 2018 10:51:04 GMT" time="0.017" errors="0">
  <testcase name="RegisterPageTest" time="0.003" classname="com.test.TestNgFeatures"/>
  <testcase name="LoginTest" time="0.009" classname="com.test.TestNgFeatures"/>
  <testcase name="HomePageTest" time="0.003" classname="com.test.TestNgFeatures"/>
  <testcase name="SearchPageTest" time="0.002" classname="com.test.TestNgFeatures"/>
</testsuite> <!-- com.test.TestNgFeatures -->
