<?xml version="1.0" encoding="UTF-8"?>
<!-- Generated by org.testng.reporters.JUnitReportReporter -->
<testsuite skipped="0" hostname="LIN86000249" name="com.test.GoogleTest" tests="6" failures="0" timestamp="24 Sep 2018 09:25:21 GMT" time="72.466" errors="0">
  <testcase name="googleTitleTest" time="15.502" classname="com.test.GoogleTest"/>
  <testcase name="googleLogoTest" time="9.927" classname="com.test.GoogleTest"/>
  <testcase name="mailLinkTest" time="10.464" classname="com.test.GoogleTest"/>
  <testcase name="test1" time="13.217" classname="com.test.GoogleTest"/>
  <testcase name="test2" time="10.427" classname="com.test.GoogleTest"/>
  <testcase name="test3" time="12.929" classname="com.test.GoogleTest"/>
</testsuite> <!-- com.test.GoogleTest -->
