<?xml version="1.0" encoding="UTF-8"?>
<!-- Generated by org.testng.reporters.JUnitReportReporter -->
<testsuite skipped="0" hostname="LIN86000249" name="com.test.TestNGBasics" tests="3" failures="0" timestamp="20 Sep 2018 05:36:58 GMT" time="0.009" errors="0">
  <testcase name="googleLogoTest" time="0.004" classname="com.test.TestNGBasics"/>
  <testcase name="googleTitleTest" time="0.004" classname="com.test.TestNGBasics"/>
  <testcase name="searchTest" time="0.001" classname="com.test.TestNGBasics"/>
</testsuite> <!-- com.test.TestNGBasics -->
