<?xml version="1.0" encoding="UTF-8"?>
<!-- Generated by org.testng.reporters.JUnitReportReporter -->
<testsuite skipped="0" hostname="LIN86000249" name="SeleniumSessions.TestNGBasics" tests="3" failures="0" timestamp="20 Sep 2018 05:27:57 GMT" time="0.016" errors="0">
  <testcase name="googleLogoTest" time="0.005" classname="SeleniumSessions.TestNGBasics"/>
  <testcase name="googleTitleTest" time="0.008" classname="SeleniumSessions.TestNGBasics"/>
  <testcase name="searchTest" time="0.003" classname="SeleniumSessions.TestNGBasics"/>
</testsuite> <!-- SeleniumSessions.TestNGBasics -->
